{"C:\\Users\\furkan\\Desktop\\microverse-projects\\todo\\src\\main.js": {"path":"C:\\Users\\furkan\\Desktop\\microverse-projects\\todo\\src\\main.js","statementMap":{"0":{"start":{"line":3,"column":20},"end":{"line":3,"column":56}},"1":{"start":{"line":7,"column":4},"end":{"line":7,"column":27}},"2":{"start":{"line":8,"column":4},"end":{"line":8,"column":35}},"3":{"start":{"line":9,"column":4},"end":{"line":9,"column":23}},"4":{"start":{"line":13,"column":4},"end":{"line":13,"column":43}},"5":{"start":{"line":18,"column":26},"end":{"line":18,"column":83}},"6":{"start":{"line":19,"column":2},"end":{"line":19,"column":25}},"7":{"start":{"line":23,"column":22},"end":{"line":23,"column":58}},"8":{"start":{"line":27,"column":2},"end":{"line":33,"column":3}},"9":{"start":{"line":28,"column":4},"end":{"line":28,"column":27}},"10":{"start":{"line":29,"column":4},"end":{"line":29,"column":24}},"11":{"start":{"line":31,"column":4},"end":{"line":31,"column":21}},"12":{"start":{"line":32,"column":4},"end":{"line":32,"column":17}},"13":{"start":{"line":34,"column":22},"end":{"line":38,"column":18}},"14":{"start":{"line":39,"column":2},"end":{"line":39,"column":59}},"15":{"start":{"line":43,"column":2},"end":{"line":43,"column":29}},"16":{"start":{"line":44,"column":26},"end":{"line":44,"column":83}},"17":{"start":{"line":45,"column":2},"end":{"line":47,"column":5}},"18":{"start":{"line":46,"column":4},"end":{"line":46,"column":21}},"19":{"start":{"line":51,"column":26},"end":{"line":51,"column":83}},"20":{"start":{"line":52,"column":20},"end":{"line":52,"column":51}},"21":{"start":{"line":53,"column":17},"end":{"line":53,"column":78}},"22":{"start":{"line":55,"column":15},"end":{"line":55,"column":67}},"23":{"start":{"line":56,"column":2},"end":{"line":56,"column":19}},"24":{"start":{"line":57,"column":2},"end":{"line":57,"column":29}},"25":{"start":{"line":58,"column":2},"end":{"line":58,"column":75}},"26":{"start":{"line":59,"column":2},"end":{"line":59,"column":23}},"27":{"start":{"line":63,"column":25},"end":{"line":63,"column":67}},"28":{"start":{"line":65,"column":2},"end":{"line":82,"column":5}},"29":{"start":{"line":66,"column":25},"end":{"line":66,"column":89}},"30":{"start":{"line":67,"column":4},"end":{"line":81,"column":7}},"31":{"start":{"line":68,"column":18},"end":{"line":68,"column":19}},"32":{"start":{"line":69,"column":6},"end":{"line":73,"column":9}},"33":{"start":{"line":70,"column":8},"end":{"line":72,"column":9}},"34":{"start":{"line":71,"column":10},"end":{"line":71,"column":22}},"35":{"start":{"line":74,"column":6},"end":{"line":74,"column":39}},"36":{"start":{"line":75,"column":6},"end":{"line":77,"column":9}},"37":{"start":{"line":76,"column":8},"end":{"line":76,"column":25}},"38":{"start":{"line":78,"column":6},"end":{"line":78,"column":79}},"39":{"start":{"line":79,"column":6},"end":{"line":79,"column":20}},"40":{"start":{"line":80,"column":6},"end":{"line":80,"column":13}},"41":{"start":{"line":86,"column":19},"end":{"line":86,"column":53}},"42":{"start":{"line":87,"column":2},"end":{"line":98,"column":5}},"43":{"start":{"line":88,"column":24},"end":{"line":88,"column":65}},"44":{"start":{"line":89,"column":27},"end":{"line":89,"column":41}},"45":{"start":{"line":90,"column":4},"end":{"line":97,"column":7}},"46":{"start":{"line":91,"column":6},"end":{"line":96,"column":9}},"47":{"start":{"line":92,"column":8},"end":{"line":95,"column":9}},"48":{"start":{"line":93,"column":10},"end":{"line":93,"column":45}},"49":{"start":{"line":94,"column":10},"end":{"line":94,"column":83}},"50":{"start":{"line":102,"column":21},"end":{"line":102,"column":63}},"51":{"start":{"line":104,"column":2},"end":{"line":128,"column":5}},"52":{"start":{"line":105,"column":27},"end":{"line":105,"column":89}},"53":{"start":{"line":107,"column":4},"end":{"line":107,"column":39}},"54":{"start":{"line":109,"column":4},"end":{"line":127,"column":7}},"55":{"start":{"line":110,"column":6},"end":{"line":126,"column":7}},"56":{"start":{"line":111,"column":8},"end":{"line":111,"column":55}},"57":{"start":{"line":112,"column":8},"end":{"line":117,"column":11}},"58":{"start":{"line":113,"column":10},"end":{"line":116,"column":11}},"59":{"start":{"line":114,"column":12},"end":{"line":114,"column":30}},"60":{"start":{"line":115,"column":12},"end":{"line":115,"column":85}},"61":{"start":{"line":119,"column":8},"end":{"line":119,"column":58}},"62":{"start":{"line":120,"column":8},"end":{"line":125,"column":11}},"63":{"start":{"line":121,"column":10},"end":{"line":124,"column":11}},"64":{"start":{"line":122,"column":12},"end":{"line":122,"column":31}},"65":{"start":{"line":123,"column":12},"end":{"line":123,"column":85}},"66":{"start":{"line":132,"column":23},"end":{"line":132,"column":65}},"67":{"start":{"line":134,"column":2},"end":{"line":155,"column":5}},"68":{"start":{"line":135,"column":25},"end":{"line":135,"column":73}},"69":{"start":{"line":136,"column":21},"end":{"line":136,"column":51}},"70":{"start":{"line":137,"column":30},"end":{"line":137,"column":76}},"71":{"start":{"line":139,"column":4},"end":{"line":143,"column":7}},"72":{"start":{"line":140,"column":6},"end":{"line":140,"column":42}},"73":{"start":{"line":141,"column":6},"end":{"line":141,"column":66}},"74":{"start":{"line":142,"column":6},"end":{"line":142,"column":113}},"75":{"start":{"line":145,"column":4},"end":{"line":148,"column":7}},"76":{"start":{"line":146,"column":6},"end":{"line":146,"column":45}},"77":{"start":{"line":147,"column":6},"end":{"line":147,"column":66}},"78":{"start":{"line":150,"column":4},"end":{"line":154,"column":7}},"79":{"start":{"line":151,"column":6},"end":{"line":153,"column":9}},"80":{"start":{"line":152,"column":8},"end":{"line":152,"column":29}},"81":{"start":{"line":159,"column":2},"end":{"line":159,"column":39}},"82":{"start":{"line":160,"column":2},"end":{"line":160,"column":42}},"83":{"start":{"line":161,"column":2},"end":{"line":161,"column":39}},"84":{"start":{"line":162,"column":2},"end":{"line":162,"column":18}},"85":{"start":{"line":166,"column":14},"end":{"line":171,"column":6}},"86":{"start":{"line":167,"column":20},"end":{"line":167,"column":40}},"87":{"start":{"line":169,"column":6},"end":{"line":169,"column":23}},"88":{"start":{"line":170,"column":6},"end":{"line":170,"column":16}},"89":{"start":{"line":172,"column":2},"end":{"line":172,"column":63}},"90":{"start":{"line":173,"column":2},"end":{"line":173,"column":16}},"91":{"start":{"line":174,"column":2},"end":{"line":174,"column":9}}},"fnMap":{"0":{"name":"(anonymous_0)","decl":{"start":{"line":6,"column":2},"end":{"line":6,"column":3}},"loc":{"start":{"line":6,"column":43},"end":{"line":10,"column":3}},"line":6},"1":{"name":"(anonymous_1)","decl":{"start":{"line":12,"column":2},"end":{"line":12,"column":3}},"loc":{"start":{"line":12,"column":48},"end":{"line":14,"column":3}},"line":12},"2":{"name":"getToDoListStorage","decl":{"start":{"line":17,"column":16},"end":{"line":17,"column":34}},"loc":{"start":{"line":17,"column":37},"end":{"line":20,"column":1}},"line":17},"3":{"name":"showInList","decl":{"start":{"line":22,"column":16},"end":{"line":22,"column":26}},"loc":{"start":{"line":22,"column":33},"end":{"line":40,"column":1}},"line":22},"4":{"name":"showAllList","decl":{"start":{"line":42,"column":16},"end":{"line":42,"column":27}},"loc":{"start":{"line":42,"column":30},"end":{"line":48,"column":1}},"line":42},"5":{"name":"(anonymous_5)","decl":{"start":{"line":45,"column":26},"end":{"line":45,"column":27}},"loc":{"start":{"line":45,"column":36},"end":{"line":47,"column":3}},"line":45},"6":{"name":"addToDo","decl":{"start":{"line":50,"column":16},"end":{"line":50,"column":23}},"loc":{"start":{"line":50,"column":26},"end":{"line":60,"column":1}},"line":50},"7":{"name":"deleteToDoList","decl":{"start":{"line":62,"column":16},"end":{"line":62,"column":30}},"loc":{"start":{"line":62,"column":48},"end":{"line":83,"column":1}},"line":62},"8":{"name":"(anonymous_8)","decl":{"start":{"line":65,"column":25},"end":{"line":65,"column":26}},"loc":{"start":{"line":65,"column":44},"end":{"line":82,"column":3}},"line":65},"9":{"name":"(anonymous_9)","decl":{"start":{"line":67,"column":44},"end":{"line":67,"column":45}},"loc":{"start":{"line":67,"column":50},"end":{"line":81,"column":5}},"line":67},"10":{"name":"(anonymous_10)","decl":{"start":{"line":69,"column":30},"end":{"line":69,"column":31}},"loc":{"start":{"line":69,"column":43},"end":{"line":73,"column":7}},"line":69},"11":{"name":"(anonymous_11)","decl":{"start":{"line":75,"column":30},"end":{"line":75,"column":31}},"loc":{"start":{"line":75,"column":45},"end":{"line":77,"column":7}},"line":75},"12":{"name":"updateDescription","decl":{"start":{"line":85,"column":16},"end":{"line":85,"column":33}},"loc":{"start":{"line":85,"column":51},"end":{"line":99,"column":1}},"line":85},"13":{"name":"(anonymous_13)","decl":{"start":{"line":87,"column":19},"end":{"line":87,"column":20}},"loc":{"start":{"line":87,"column":29},"end":{"line":98,"column":3}},"line":87},"14":{"name":"(anonymous_14)","decl":{"start":{"line":90,"column":42},"end":{"line":90,"column":43}},"loc":{"start":{"line":90,"column":48},"end":{"line":97,"column":5}},"line":90},"15":{"name":"(anonymous_15)","decl":{"start":{"line":91,"column":30},"end":{"line":91,"column":31}},"loc":{"start":{"line":91,"column":38},"end":{"line":96,"column":7}},"line":91},"16":{"name":"loopCheckBoxes","decl":{"start":{"line":101,"column":16},"end":{"line":101,"column":30}},"loc":{"start":{"line":101,"column":48},"end":{"line":129,"column":1}},"line":101},"17":{"name":"(anonymous_17)","decl":{"start":{"line":104,"column":21},"end":{"line":104,"column":22}},"loc":{"start":{"line":104,"column":35},"end":{"line":128,"column":3}},"line":104},"18":{"name":"(anonymous_18)","decl":{"start":{"line":109,"column":39},"end":{"line":109,"column":40}},"loc":{"start":{"line":109,"column":45},"end":{"line":127,"column":5}},"line":109},"19":{"name":"(anonymous_19)","decl":{"start":{"line":112,"column":32},"end":{"line":112,"column":33}},"loc":{"start":{"line":112,"column":40},"end":{"line":117,"column":9}},"line":112},"20":{"name":"(anonymous_20)","decl":{"start":{"line":120,"column":32},"end":{"line":120,"column":33}},"loc":{"start":{"line":120,"column":40},"end":{"line":125,"column":9}},"line":120},"21":{"name":"focusElements","decl":{"start":{"line":131,"column":16},"end":{"line":131,"column":29}},"loc":{"start":{"line":131,"column":32},"end":{"line":156,"column":1}},"line":131},"22":{"name":"(anonymous_22)","decl":{"start":{"line":134,"column":23},"end":{"line":134,"column":24}},"loc":{"start":{"line":134,"column":40},"end":{"line":155,"column":3}},"line":134},"23":{"name":"(anonymous_23)","decl":{"start":{"line":139,"column":45},"end":{"line":139,"column":46}},"loc":{"start":{"line":139,"column":51},"end":{"line":143,"column":5}},"line":139},"24":{"name":"(anonymous_24)","decl":{"start":{"line":145,"column":46},"end":{"line":145,"column":47}},"loc":{"start":{"line":145,"column":52},"end":{"line":148,"column":5}},"line":145},"25":{"name":"(anonymous_25)","decl":{"start":{"line":150,"column":30},"end":{"line":150,"column":31}},"loc":{"start":{"line":150,"column":52},"end":{"line":154,"column":5}},"line":150},"26":{"name":"(anonymous_26)","decl":{"start":{"line":151,"column":49},"end":{"line":151,"column":50}},"loc":{"start":{"line":151,"column":55},"end":{"line":153,"column":7}},"line":151},"27":{"name":"main","decl":{"start":{"line":158,"column":24},"end":{"line":158,"column":28}},"loc":{"start":{"line":158,"column":31},"end":{"line":163,"column":1}},"line":158},"28":{"name":"deleteAllChecked","decl":{"start":{"line":165,"column":16},"end":{"line":165,"column":32}},"loc":{"start":{"line":165,"column":50},"end":{"line":175,"column":1}},"line":165},"29":{"name":"(anonymous_29)","decl":{"start":{"line":167,"column":12},"end":{"line":167,"column":13}},"loc":{"start":{"line":167,"column":20},"end":{"line":167,"column":40}},"line":167},"30":{"name":"(anonymous_30)","decl":{"start":{"line":168,"column":9},"end":{"line":168,"column":10}},"loc":{"start":{"line":168,"column":24},"end":{"line":171,"column":5}},"line":168}},"branchMap":{"0":{"loc":{"start":{"line":18,"column":26},"end":{"line":18,"column":83}},"type":"binary-expr","locations":[{"start":{"line":18,"column":26},"end":{"line":18,"column":77}},{"start":{"line":18,"column":81},"end":{"line":18,"column":83}}],"line":18},"1":{"loc":{"start":{"line":27,"column":2},"end":{"line":33,"column":3}},"type":"if","locations":[{"start":{"line":27,"column":2},"end":{"line":33,"column":3}},{"start":{"line":30,"column":9},"end":{"line":33,"column":3}}],"line":27},"2":{"loc":{"start":{"line":44,"column":26},"end":{"line":44,"column":83}},"type":"binary-expr","locations":[{"start":{"line":44,"column":26},"end":{"line":44,"column":77}},{"start":{"line":44,"column":81},"end":{"line":44,"column":83}}],"line":44},"3":{"loc":{"start":{"line":51,"column":26},"end":{"line":51,"column":83}},"type":"binary-expr","locations":[{"start":{"line":51,"column":26},"end":{"line":51,"column":77}},{"start":{"line":51,"column":81},"end":{"line":51,"column":83}}],"line":51},"4":{"loc":{"start":{"line":53,"column":17},"end":{"line":53,"column":78}},"type":"binary-expr","locations":[{"start":{"line":53,"column":18},"end":{"line":53,"column":72}},{"start":{"line":53,"column":77},"end":{"line":53,"column":78}}],"line":53},"5":{"loc":{"start":{"line":70,"column":8},"end":{"line":72,"column":9}},"type":"if","locations":[{"start":{"line":70,"column":8},"end":{"line":72,"column":9}},{"start":{},"end":{}}],"line":70},"6":{"loc":{"start":{"line":92,"column":8},"end":{"line":95,"column":9}},"type":"if","locations":[{"start":{"line":92,"column":8},"end":{"line":95,"column":9}},{"start":{},"end":{}}],"line":92},"7":{"loc":{"start":{"line":110,"column":6},"end":{"line":126,"column":7}},"type":"if","locations":[{"start":{"line":110,"column":6},"end":{"line":126,"column":7}},{"start":{"line":118,"column":13},"end":{"line":126,"column":7}}],"line":110},"8":{"loc":{"start":{"line":113,"column":10},"end":{"line":116,"column":11}},"type":"if","locations":[{"start":{"line":113,"column":10},"end":{"line":116,"column":11}},{"start":{},"end":{}}],"line":113},"9":{"loc":{"start":{"line":121,"column":10},"end":{"line":124,"column":11}},"type":"if","locations":[{"start":{"line":121,"column":10},"end":{"line":124,"column":11}},{"start":{},"end":{}}],"line":121}},"s":{"0":1,"1":0,"2":0,"3":0,"4":1,"5":0,"6":0,"7":1,"8":1,"9":0,"10":0,"11":1,"12":1,"13":1,"14":1,"15":0,"16":0,"17":0,"18":0,"19":1,"20":1,"21":1,"22":1,"23":1,"24":1,"25":1,"26":1,"27":0,"28":0,"29":0,"30":0,"31":0,"32":0,"33":0,"34":0,"35":0,"36":0,"37":0,"38":0,"39":0,"40":0,"41":0,"42":0,"43":0,"44":0,"45":0,"46":0,"47":0,"48":0,"49":0,"50":0,"51":0,"52":0,"53":0,"54":0,"55":0,"56":0,"57":0,"58":0,"59":0,"60":0,"61":0,"62":0,"63":0,"64":0,"65":0,"66":0,"67":0,"68":0,"69":0,"70":0,"71":0,"72":0,"73":0,"74":0,"75":0,"76":0,"77":0,"78":0,"79":0,"80":0,"81":0,"82":0,"83":0,"84":0,"85":0,"86":0,"87":0,"88":0,"89":0,"90":0,"91":0},"f":{"0":0,"1":1,"2":0,"3":1,"4":0,"5":0,"6":1,"7":0,"8":0,"9":0,"10":0,"11":0,"12":0,"13":0,"14":0,"15":0,"16":0,"17":0,"18":0,"19":0,"20":0,"21":0,"22":0,"23":0,"24":0,"25":0,"26":0,"27":0,"28":0,"29":0,"30":0},"b":{"0":[0,0],"1":[0,1],"2":[0,0],"3":[1,1],"4":[1,1],"5":[0,0],"6":[0,0],"7":[0,0],"8":[0,0],"9":[0,0]},"_coverageSchema":"1a1c01bbd47fc00a2c39e90264f33305004495a9","hash":"393e82d7ce23e0bd52ac1a62aca9813a114e2bb4"}
}
