TN:
SF:src\main.js
FN:4,(anonymous_0)
FN:10,(anonymous_1)
FN:15,getToDoListStorage
FN:20,showInList
FN:40,showAllList
FN:44,(anonymous_5)
FN:49,addToDo
FN:61,deleteToDoList
FN:64,(anonymous_8)
FN:66,(anonymous_9)
FN:68,(anonymous_10)
FN:74,(anonymous_11)
FN:84,updateDescription
FN:87,(anonymous_13)
FN:90,(anonymous_14)
FN:91,(anonymous_15)
FN:101,loopCheckBoxes
FN:104,(anonymous_17)
FN:109,(anonymous_18)
FN:112,(anonymous_19)
FN:120,(anonymous_20)
FN:131,focusElements
FN:134,(anonymous_22)
FN:139,(anonymous_23)
FN:145,(anonymous_24)
FN:150,(anonymous_25)
FN:151,(anonymous_26)
FN:158,main
FN:165,deleteAllChecked
FN:167,(anonymous_29)
FN:168,(anonymous_30)
FNF:31
FNH:13
FNDA:0,(anonymous_0)
FNDA:1,(anonymous_1)
FNDA:3,getToDoListStorage
FNDA:1,showInList
FNDA:1,showAllList
FNDA:0,(anonymous_5)
FNDA:1,addToDo
FNDA:2,deleteToDoList
FNDA:1,(anonymous_8)
FNDA:1,(anonymous_9)
FNDA:1,(anonymous_10)
FNDA:0,(anonymous_11)
FNDA:1,updateDescription
FNDA:0,(anonymous_13)
FNDA:0,(anonymous_14)
FNDA:0,(anonymous_15)
FNDA:1,loopCheckBoxes
FNDA:0,(anonymous_17)
FNDA:0,(anonymous_18)
FNDA:0,(anonymous_19)
FNDA:0,(anonymous_20)
FNDA:1,focusElements
FNDA:0,(anonymous_22)
FNDA:0,(anonymous_23)
FNDA:0,(anonymous_24)
FNDA:0,(anonymous_25)
FNDA:0,(anonymous_26)
FNDA:1,main
FNDA:0,deleteAllChecked
FNDA:0,(anonymous_29)
FNDA:0,(anonymous_30)
DA:5,0
DA:6,0
DA:7,0
DA:11,1
DA:16,3
DA:17,3
DA:21,1
DA:25,1
DA:26,0
DA:27,0
DA:29,1
DA:30,1
DA:32,1
DA:37,1
DA:41,1
DA:42,1
DA:43,1
DA:44,1
DA:45,0
DA:50,1
DA:51,1
DA:52,1
DA:54,1
DA:55,1
DA:56,1
DA:57,1
DA:58,1
DA:62,2
DA:64,2
DA:65,1
DA:66,1
DA:67,1
DA:68,1
DA:69,1
DA:70,1
DA:73,1
DA:74,1
DA:75,0
DA:77,1
DA:78,1
DA:79,1
DA:85,1
DA:86,1
DA:87,1
DA:88,0
DA:89,0
DA:90,0
DA:91,0
DA:92,0
DA:93,0
DA:94,0
DA:102,1
DA:104,1
DA:105,0
DA:107,0
DA:109,0
DA:110,0
DA:111,0
DA:112,0
DA:113,0
DA:114,0
DA:115,0
DA:119,0
DA:120,0
DA:121,0
DA:122,0
DA:123,0
DA:132,1
DA:134,1
DA:135,0
DA:136,0
DA:137,0
DA:139,0
DA:140,0
DA:141,0
DA:142,0
DA:145,0
DA:146,0
DA:147,0
DA:150,0
DA:151,0
DA:152,0
DA:159,1
DA:160,1
DA:161,1
DA:162,1
DA:166,0
DA:167,0
DA:169,0
DA:170,0
DA:172,0
DA:173,0
DA:174,0
LF:93
LH:45
BRDA:16,0,0,3
BRDA:16,0,1,0
BRDA:25,1,0,0
BRDA:25,1,1,1
BRDA:43,2,0,1
BRDA:43,2,1,0
BRDA:50,3,0,1
BRDA:50,3,1,1
BRDA:52,4,0,1
BRDA:52,4,1,1
BRDA:69,5,0,1
BRDA:69,5,1,0
BRDA:92,6,0,0
BRDA:92,6,1,0
BRDA:110,7,0,0
BRDA:110,7,1,0
BRDA:113,8,0,0
BRDA:113,8,1,0
BRDA:121,9,0,0
BRDA:121,9,1,0
BRF:20
BRH:8
end_of_record
